<?xml version="1.0" encoding="UTF-8"?>
<!-- Generated by org.testng.reporters.JUnitXMLReporter -->
<testsuite hostname="SBR-DEVP-47" ignored="0" name="HCM Automation Test Cases" tests="10" failures="0" timestamp="18 Jun 2019 05:37:26 GMT" time="260.666" errors="0">
  <testcase name="ClickAddEMpTest" time="20.979" classname="com.qa.tests.HRPageTest"/>
  <testcase name="verifyTitle" time="0.011" classname="com.qa.tests.LoginPageTest"/>
  <testcase name="Testing" time="5.028" classname="com.qa.tests.HomePageTest"/>
  <testcase name="verifyHomePageTitleTest2" time="0.006" classname="com.qa.tests.HomePageTest"/>
  <testcase name="VerifyHomeTitleTest" time="0.101" classname="com.qa.tests.SubHomePageTest"/>
  <testcase name="loginTest" time="7.707" classname="com.qa.tests.LoginPageTest"/>
  <testcase name="clickOnEmpRecordsTest" time="1.282" classname="com.qa.tests.HomePageTest"/>
  <testcase name="SearchEmpTest" time="6.698" classname="com.qa.tests.SubHomePageTest"/>
  <testcase name="VerifyViewProfileTest" time="29.848" classname="com.qa.tests.SubHomePageTest"/>
  <testcase name="ClickHRTest" time="0.234" classname="com.qa.tests.SubHomePageTest"/>
</testsuite> <!-- HCM Automation Test Cases -->
